INFO:     Started server process [4264]
INFO:     Waiting for application startup.
Skipping runtime load for IDS source suricata-web-prod: active rule artifact not found or outside the repository: backend/app/data/ids_source_sync/suricata-web-prod.rules
INFO:     Application startup complete.
INFO:     Uvicorn running on http://127.0.0.1:8170 (Press CTRL+C to quit)
Skipping runtime load for IDS source suricata-web-prod: active rule artifact not found or outside the repository: backend/app/data/ids_source_sync/suricata-web-prod.rules
Skipping runtime load for IDS source suricata-web-prod: active rule artifact not found or outside the repository: backend/app/data/ids_source_sync/suricata-web-prod.rules
Skipping runtime load for IDS source suricata-web-prod: active rule artifact not found or outside the repository: backend/app/data/ids_source_sync/suricata-web-prod.rules
Skipping runtime load for IDS source suricata-web-prod: active rule artifact not found or outside the repository: backend/app/data/ids_source_sync/suricata-web-prod.rules
Skipping runtime load for IDS source suricata-web-prod: active rule artifact not found or outside the repository: backend/app/data/ids_source_sync/suricata-web-prod.rules
Skipping runtime load for IDS source suricata-web-prod: active rule artifact not found or outside the repository: backend/app/data/ids_source_sync/suricata-web-prod.rules
Skipping runtime load for IDS source suricata-web-prod: active rule artifact not found or outside the repository: backend/app/data/ids_source_sync/suricata-web-prod.rules
Skipping runtime load for IDS source suricata-web-prod: active rule artifact not found or outside the repository: backend/app/data/ids_source_sync/suricata-web-prod.rules
Skipping runtime load for IDS source suricata-web-prod: active rule artifact not found or outside the repository: backend/app/data/ids_source_sync/suricata-web-prod.rules
Skipping runtime load for IDS source suricata-web-prod: active rule artifact not found or outside the repository: backend/app/data/ids_source_sync/suricata-web-prod.rules
Skipping runtime load for IDS source suricata-web-prod: active rule artifact not found or outside the repository: backend/app/data/ids_source_sync/suricata-web-prod.rules
Skipping runtime load for IDS source suricata-web-prod: active rule artifact not found or outside the repository: backend/app/data/ids_source_sync/suricata-web-prod.rules
Skipping runtime load for IDS source suricata-web-prod: active rule artifact not found or outside the repository: backend/app/data/ids_source_sync/suricata-web-prod.rules
Skipping runtime load for IDS source suricata-web-prod: active rule artifact not found or outside the repository: backend/app/data/ids_source_sync/suricata-web-prod.rules
Skipping runtime load for IDS source suricata-web-prod: active rule artifact not found or outside the repository: backend/app/data/ids_source_sync/suricata-web-prod.rules
Skipping runtime load for IDS source suricata-web-prod: active rule artifact not found or outside the repository: backend/app/data/ids_source_sync/suricata-web-prod.rules
Skipping runtime load for IDS source suricata-web-prod: active rule artifact not found or outside the repository: backend/app/data/ids_source_sync/suricata-web-prod.rules
Skipping runtime load for IDS source suricata-web-prod: active rule artifact not found or outside the repository: backend/app/data/ids_source_sync/suricata-web-prod.rules
Skipping runtime load for IDS source suricata-web-prod: active rule artifact not found or outside the repository: backend/app/data/ids_source_sync/suricata-web-prod.rules
Skipping runtime load for IDS source suricata-web-prod: active rule artifact not found or outside the repository: backend/app/data/ids_source_sync/suricata-web-prod.rules
Skipping runtime load for IDS source suricata-web-prod: active rule artifact not found or outside the repository: backend/app/data/ids_source_sync/suricata-web-prod.rules
Skipping runtime load for IDS source suricata-web-prod: active rule artifact not found or outside the repository: backend/app/data/ids_source_sync/suricata-web-prod.rules
Skipping runtime load for IDS source suricata-web-prod: active rule artifact not found or outside the repository: backend/app/data/ids_source_sync/suricata-web-prod.rules
Skipping runtime load for IDS source suricata-web-prod: active rule artifact not found or outside the repository: backend/app/data/ids_source_sync/suricata-web-prod.rules
Skipping runtime load for IDS source suricata-web-prod: active rule artifact not found or outside the repository: backend/app/data/ids_source_sync/suricata-web-prod.rules
Skipping runtime load for IDS source suricata-web-prod: active rule artifact not found or outside the repository: backend/app/data/ids_source_sync/suricata-web-prod.rules
Skipping runtime load for IDS source suricata-web-prod: active rule artifact not found or outside the repository: backend/app/data/ids_source_sync/suricata-web-prod.rules
Skipping runtime load for IDS source suricata-web-prod: active rule artifact not found or outside the repository: backend/app/data/ids_source_sync/suricata-web-prod.rules
Skipping runtime load for IDS source suricata-web-prod: active rule artifact not found or outside the repository: backend/app/data/ids_source_sync/suricata-web-prod.rules
Skipping runtime load for IDS source suricata-web-prod: active rule artifact not found or outside the repository: backend/app/data/ids_source_sync/suricata-web-prod.rules
Skipping runtime load for IDS source suricata-web-prod: active rule artifact not found or outside the repository: backend/app/data/ids_source_sync/suricata-web-prod.rules
Skipping runtime load for IDS source suricata-web-prod: active rule artifact not found or outside the repository: backend/app/data/ids_source_sync/suricata-web-prod.rules
Skipping runtime load for IDS source suricata-web-prod: active rule artifact not found or outside the repository: backend/app/data/ids_source_sync/suricata-web-prod.rules
Skipping runtime load for IDS source suricata-web-prod: active rule artifact not found or outside the repository: backend/app/data/ids_source_sync/suricata-web-prod.rules
Skipping runtime load for IDS source suricata-web-prod: active rule artifact not found or outside the repository: backend/app/data/ids_source_sync/suricata-web-prod.rules
Skipping runtime load for IDS source suricata-web-prod: active rule artifact not found or outside the repository: backend/app/data/ids_source_sync/suricata-web-prod.rules
Skipping runtime load for IDS source suricata-web-prod: active rule artifact not found or outside the repository: backend/app/data/ids_source_sync/suricata-web-prod.rules
Skipping runtime load for IDS source suricata-web-prod: active rule artifact not found or outside the repository: backend/app/data/ids_source_sync/suricata-web-prod.rules
Skipping runtime load for IDS source suricata-web-prod: active rule artifact not found or outside the repository: backend/app/data/ids_source_sync/suricata-web-prod.rules
Skipping runtime load for IDS source suricata-web-prod: active rule artifact not found or outside the repository: backend/app/data/ids_source_sync/suricata-web-prod.rules
Skipping runtime load for IDS source suricata-web-prod: active rule artifact not found or outside the repository: backend/app/data/ids_source_sync/suricata-web-prod.rules
Skipping runtime load for IDS source suricata-web-prod: active rule artifact not found or outside the repository: backend/app/data/ids_source_sync/suricata-web-prod.rules
Skipping runtime load for IDS source suricata-web-prod: active rule artifact not found or outside the repository: backend/app/data/ids_source_sync/suricata-web-prod.rules
Skipping runtime load for IDS source suricata-web-prod: active rule artifact not found or outside the repository: backend/app/data/ids_source_sync/suricata-web-prod.rules
Skipping runtime load for IDS source suricata-web-prod: active rule artifact not found or outside the repository: backend/app/data/ids_source_sync/suricata-web-prod.rules
Skipping runtime load for IDS source suricata-web-prod: active rule artifact not found or outside the repository: backend/app/data/ids_source_sync/suricata-web-prod.rules
Skipping runtime load for IDS source suricata-web-prod: active rule artifact not found or outside the repository: backend/app/data/ids_source_sync/suricata-web-prod.rules
Skipping runtime load for IDS source suricata-web-prod: active rule artifact not found or outside the repository: backend/app/data/ids_source_sync/suricata-web-prod.rules
Skipping runtime load for IDS source suricata-web-prod: active rule artifact not found or outside the repository: backend/app/data/ids_source_sync/suricata-web-prod.rules
Skipping runtime load for IDS source suricata-web-prod: active rule artifact not found or outside the repository: backend/app/data/ids_source_sync/suricata-web-prod.rules
Skipping runtime load for IDS source suricata-web-prod: active rule artifact not found or outside the repository: backend/app/data/ids_source_sync/suricata-web-prod.rules
Skipping runtime load for IDS source suricata-web-prod: active rule artifact not found or outside the repository: backend/app/data/ids_source_sync/suricata-web-prod.rules
Skipping runtime load for IDS source suricata-web-prod: active rule artifact not found or outside the repository: backend/app/data/ids_source_sync/suricata-web-prod.rules
Skipping runtime load for IDS source suricata-web-prod: active rule artifact not found or outside the repository: backend/app/data/ids_source_sync/suricata-web-prod.rules
Skipping runtime load for IDS source suricata-web-prod: active rule artifact not found or outside the repository: backend/app/data/ids_source_sync/suricata-web-prod.rules
Skipping runtime load for IDS source suricata-web-prod: active rule artifact not found or outside the repository: backend/app/data/ids_source_sync/suricata-web-prod.rules
Skipping runtime load for IDS source suricata-web-prod: active rule artifact not found or outside the repository: backend/app/data/ids_source_sync/suricata-web-prod.rules
Skipping runtime load for IDS source suricata-web-prod: active rule artifact not found or outside the repository: backend/app/data/ids_source_sync/suricata-web-prod.rules
Skipping runtime load for IDS source suricata-web-prod: active rule artifact not found or outside the repository: backend/app/data/ids_source_sync/suricata-web-prod.rules
Skipping runtime load for IDS source suricata-web-prod: active rule artifact not found or outside the repository: backend/app/data/ids_source_sync/suricata-web-prod.rules
Skipping runtime load for IDS source suricata-web-prod: active rule artifact not found or outside the repository: backend/app/data/ids_source_sync/suricata-web-prod.rules
Skipping runtime load for IDS source suricata-web-prod: active rule artifact not found or outside the repository: backend/app/data/ids_source_sync/suricata-web-prod.rules
Skipping runtime load for IDS source suricata-web-prod: active rule artifact not found or outside the repository: backend/app/data/ids_source_sync/suricata-web-prod.rules
Skipping runtime load for IDS source suricata-web-prod: active rule artifact not found or outside the repository: backend/app/data/ids_source_sync/suricata-web-prod.rules
Skipping runtime load for IDS source suricata-web-prod: active rule artifact not found or outside the repository: backend/app/data/ids_source_sync/suricata-web-prod.rules
Skipping runtime load for IDS source suricata-web-prod: active rule artifact not found or outside the repository: backend/app/data/ids_source_sync/suricata-web-prod.rules
Skipping runtime load for IDS source suricata-web-prod: active rule artifact not found or outside the repository: backend/app/data/ids_source_sync/suricata-web-prod.rules
Skipping runtime load for IDS source suricata-web-prod: active rule artifact not found or outside the repository: backend/app/data/ids_source_sync/suricata-web-prod.rules
Skipping runtime load for IDS source suricata-web-prod: active rule artifact not found or outside the repository: backend/app/data/ids_source_sync/suricata-web-prod.rules
Skipping runtime load for IDS source suricata-web-prod: active rule artifact not found or outside the repository: backend/app/data/ids_source_sync/suricata-web-prod.rules
Skipping runtime load for IDS source suricata-web-prod: active rule artifact not found or outside the repository: backend/app/data/ids_source_sync/suricata-web-prod.rules
Skipping runtime load for IDS source suricata-web-prod: active rule artifact not found or outside the repository: backend/app/data/ids_source_sync/suricata-web-prod.rules
Skipping runtime load for IDS source suricata-web-prod: active rule artifact not found or outside the repository: backend/app/data/ids_source_sync/suricata-web-prod.rules
Skipping runtime load for IDS source suricata-web-prod: active rule artifact not found or outside the repository: backend/app/data/ids_source_sync/suricata-web-prod.rules
Skipping runtime load for IDS source suricata-web-prod: active rule artifact not found or outside the repository: backend/app/data/ids_source_sync/suricata-web-prod.rules
Skipping runtime load for IDS source suricata-web-prod: active rule artifact not found or outside the repository: backend/app/data/ids_source_sync/suricata-web-prod.rules
Skipping runtime load for IDS source suricata-web-prod: active rule artifact not found or outside the repository: backend/app/data/ids_source_sync/suricata-web-prod.rules
Skipping runtime load for IDS source suricata-web-prod: active rule artifact not found or outside the repository: backend/app/data/ids_source_sync/suricata-web-prod.rules
Skipping runtime load for IDS source suricata-web-prod: active rule artifact not found or outside the repository: backend/app/data/ids_source_sync/suricata-web-prod.rules
Skipping runtime load for IDS source suricata-web-prod: active rule artifact not found or outside the repository: backend/app/data/ids_source_sync/suricata-web-prod.rules
Skipping runtime load for IDS source suricata-web-prod: active rule artifact not found or outside the repository: backend/app/data/ids_source_sync/suricata-web-prod.rules
Skipping runtime load for IDS source suricata-web-prod: active rule artifact not found or outside the repository: backend/app/data/ids_source_sync/suricata-web-prod.rules
Skipping runtime load for IDS source suricata-web-prod: active rule artifact not found or outside the repository: backend/app/data/ids_source_sync/suricata-web-prod.rules
Skipping runtime load for IDS source suricata-web-prod: active rule artifact not found or outside the repository: backend/app/data/ids_source_sync/suricata-web-prod.rules
Skipping runtime load for IDS source suricata-web-prod: active rule artifact not found or outside the repository: backend/app/data/ids_source_sync/suricata-web-prod.rules
Skipping runtime load for IDS source suricata-web-prod: active rule artifact not found or outside the repository: backend/app/data/ids_source_sync/suricata-web-prod.rules
Skipping runtime load for IDS source suricata-web-prod: active rule artifact not found or outside the repository: backend/app/data/ids_source_sync/suricata-web-prod.rules
Skipping runtime load for IDS source suricata-web-prod: active rule artifact not found or outside the repository: backend/app/data/ids_source_sync/suricata-web-prod.rules
